  [1m[35m (88.3ms)[0m  [1m[35mCREATE DATABASE "Cats99_development" ENCODING = 'unicode'[0m
  ↳ bin/rails:9
  [1m[35m (30.8ms)[0m  [1m[35mCREATE DATABASE "Cats99_test" ENCODING = 'unicode'[0m
  ↳ bin/rails:9
  [1m[35m (10.4ms)[0m  [1m[35mCREATE TABLE "schema_migrations" ("version" character varying NOT NULL PRIMARY KEY)[0m
  ↳ bin/rails:9
  [1m[35m (2.2ms)[0m  [1m[35mCREATE TABLE "ar_internal_metadata" ("key" character varying NOT NULL PRIMARY KEY, "value" character varying, "created_at" timestamp NOT NULL, "updated_at" timestamp NOT NULL)[0m
  ↳ bin/rails:9
  [1m[35m (0.1ms)[0m  [1m[34mSELECT pg_try_advisory_lock(6613552763082678525)[0m
  ↳ bin/rails:9
  [1m[35m (0.4ms)[0m  [1m[34mSELECT "schema_migrations"."version" FROM "schema_migrations" ORDER BY "schema_migrations"."version" ASC[0m
  ↳ bin/rails:9
Migrating to CreateCats (20211008211859)
  [1m[35m (0.1ms)[0m  [1m[35mBEGIN[0m
  ↳ bin/rails:9
  [1m[35m (4.4ms)[0m  [1m[35mCREATE TABLE "cats" ("id" bigserial primary key, "birth_date" date NOT NULL, "name" character varying NOT NULL, "sex" character varying(1) NOT NULL, "description" text, "color" character varying NOT NULL, "created_at" timestamp NOT NULL, "updated_at" timestamp NOT NULL)[0m
  ↳ db/migrate/20211008211859_create_cats.rb:3
  [1m[36mActiveRecord::SchemaMigration Create (0.7ms)[0m  [1m[32mINSERT INTO "schema_migrations" ("version") VALUES ($1) RETURNING "version"[0m  [["version", "20211008211859"]]
  ↳ bin/rails:9
  [1m[35m (0.3ms)[0m  [1m[35mCOMMIT[0m
  ↳ bin/rails:9
  [1m[36mActiveRecord::InternalMetadata Load (0.3ms)[0m  [1m[34mSELECT  "ar_internal_metadata".* FROM "ar_internal_metadata" WHERE "ar_internal_metadata"."key" = $1 LIMIT $2[0m  [["key", "environment"], ["LIMIT", 1]]
  ↳ bin/rails:9
  [1m[35m (0.1ms)[0m  [1m[35mBEGIN[0m
  ↳ bin/rails:9
  [1m[36mActiveRecord::InternalMetadata Create (0.5ms)[0m  [1m[32mINSERT INTO "ar_internal_metadata" ("key", "value", "created_at", "updated_at") VALUES ($1, $2, $3, $4) RETURNING "key"[0m  [["key", "environment"], ["value", "development"], ["created_at", "2021-10-08 21:23:18.742900"], ["updated_at", "2021-10-08 21:23:18.742900"]]
  ↳ bin/rails:9
  [1m[35m (0.2ms)[0m  [1m[35mCOMMIT[0m
  ↳ bin/rails:9
  [1m[35m (0.2ms)[0m  [1m[34mSELECT pg_advisory_unlock(6613552763082678525)[0m
  ↳ bin/rails:9
  [1m[35m (0.2ms)[0m  [1m[34mSELECT "schema_migrations"."version" FROM "schema_migrations" ORDER BY "schema_migrations"."version" ASC[0m
  ↳ bin/rails:9
  [1m[35m (0.3ms)[0m  [1m[35mBEGIN[0m
  [1m[36mCat Create (3.8ms)[0m  [1m[32mINSERT INTO "cats" ("birth_date", "name", "sex", "color", "created_at", "updated_at") VALUES ($1, $2, $3, $4, $5, $6) RETURNING "id"[0m  [["birth_date", "2015-01-20"], ["name", "kitty"], ["sex", "M"], ["color", "Brown"], ["created_at", "2021-10-08 21:37:44.063922"], ["updated_at", "2021-10-08 21:37:44.063922"]]
  [1m[35m (0.8ms)[0m  [1m[35mCOMMIT[0m
  [1m[35m (99.0ms)[0m  [1m[35mCREATE DATABASE "Cats99_development" ENCODING = 'unicode'[0m
  ↳ bin/rails:9
  [1m[35m (39.4ms)[0m  [1m[35mCREATE DATABASE "Cats99_test" ENCODING = 'unicode'[0m
  ↳ bin/rails:9
  [1m[35mSQL (1.1ms)[0m  [1m[35mCREATE EXTENSION IF NOT EXISTS "plpgsql"[0m
  ↳ db/schema.rb:16
  [1m[35m (0.5ms)[0m  [1m[35mDROP TABLE IF EXISTS "cats" CASCADE[0m
  ↳ db/schema.rb:18
  [1m[35m (6.6ms)[0m  [1m[35mCREATE TABLE "cats" ("id" bigserial primary key, "birth_date" date NOT NULL, "name" character varying NOT NULL, "sex" character varying(1) NOT NULL, "description" text, "color" character varying NOT NULL, "created_at" timestamp NOT NULL, "updated_at" timestamp NOT NULL)[0m
  ↳ db/schema.rb:18
  [1m[35m (1.5ms)[0m  [1m[35mCREATE TABLE "schema_migrations" ("version" character varying NOT NULL PRIMARY KEY)[0m
  ↳ db/schema.rb:13
  [1m[35m (0.4ms)[0m  [1m[34mSELECT "schema_migrations"."version" FROM "schema_migrations" ORDER BY "schema_migrations"."version" ASC[0m
  ↳ db/schema.rb:13
  [1m[35m (0.8ms)[0m  [1m[32mINSERT INTO "schema_migrations" (version) VALUES (20211008211859)[0m
  ↳ db/schema.rb:13
  [1m[35m (1.8ms)[0m  [1m[35mCREATE TABLE "ar_internal_metadata" ("key" character varying NOT NULL PRIMARY KEY, "value" character varying, "created_at" timestamp NOT NULL, "updated_at" timestamp NOT NULL)[0m
  ↳ db/schema.rb:13
  [1m[36mActiveRecord::InternalMetadata Load (0.2ms)[0m  [1m[34mSELECT  "ar_internal_metadata".* FROM "ar_internal_metadata" WHERE "ar_internal_metadata"."key" = $1 LIMIT $2[0m  [["key", "environment"], ["LIMIT", 1]]
  ↳ db/schema.rb:13
  [1m[35m (0.0ms)[0m  [1m[35mBEGIN[0m
  ↳ db/schema.rb:13
  [1m[36mActiveRecord::InternalMetadata Create (0.5ms)[0m  [1m[32mINSERT INTO "ar_internal_metadata" ("key", "value", "created_at", "updated_at") VALUES ($1, $2, $3, $4) RETURNING "key"[0m  [["key", "environment"], ["value", "development"], ["created_at", "2021-10-08 21:39:45.266518"], ["updated_at", "2021-10-08 21:39:45.266518"]]
  ↳ db/schema.rb:13
  [1m[35m (0.1ms)[0m  [1m[35mCOMMIT[0m
  ↳ db/schema.rb:13
  [1m[36mActiveRecord::InternalMetadata Load (0.1ms)[0m  [1m[34mSELECT  "ar_internal_metadata".* FROM "ar_internal_metadata" WHERE "ar_internal_metadata"."key" = $1 LIMIT $2[0m  [["key", "environment"], ["LIMIT", 1]]
  ↳ bin/rails:9
  [1m[35m (0.0ms)[0m  [1m[35mBEGIN[0m
  ↳ bin/rails:9
  [1m[35m (0.0ms)[0m  [1m[35mCOMMIT[0m
  ↳ bin/rails:9
  [1m[35mSQL (0.2ms)[0m  [1m[35mCREATE EXTENSION IF NOT EXISTS "plpgsql"[0m
  ↳ db/schema.rb:16
  [1m[35m (0.1ms)[0m  [1m[35mDROP TABLE IF EXISTS "cats" CASCADE[0m
  ↳ db/schema.rb:18
  [1m[35m (3.8ms)[0m  [1m[35mCREATE TABLE "cats" ("id" bigserial primary key, "birth_date" date NOT NULL, "name" character varying NOT NULL, "sex" character varying(1) NOT NULL, "description" text, "color" character varying NOT NULL, "created_at" timestamp NOT NULL, "updated_at" timestamp NOT NULL)[0m
  ↳ db/schema.rb:18
  [1m[35m (2.1ms)[0m  [1m[35mCREATE TABLE "schema_migrations" ("version" character varying NOT NULL PRIMARY KEY)[0m
  ↳ db/schema.rb:13
  [1m[35m (0.4ms)[0m  [1m[34mSELECT "schema_migrations"."version" FROM "schema_migrations" ORDER BY "schema_migrations"."version" ASC[0m
  ↳ db/schema.rb:13
  [1m[35m (0.2ms)[0m  [1m[32mINSERT INTO "schema_migrations" (version) VALUES (20211008211859)[0m
  ↳ db/schema.rb:13
  [1m[35m (1.4ms)[0m  [1m[35mCREATE TABLE "ar_internal_metadata" ("key" character varying NOT NULL PRIMARY KEY, "value" character varying, "created_at" timestamp NOT NULL, "updated_at" timestamp NOT NULL)[0m
  ↳ db/schema.rb:13
  [1m[36mActiveRecord::InternalMetadata Load (0.1ms)[0m  [1m[34mSELECT  "ar_internal_metadata".* FROM "ar_internal_metadata" WHERE "ar_internal_metadata"."key" = $1 LIMIT $2[0m  [["key", "environment"], ["LIMIT", 1]]
  ↳ db/schema.rb:13
  [1m[35m (0.0ms)[0m  [1m[35mBEGIN[0m
  ↳ db/schema.rb:13
  [1m[36mActiveRecord::InternalMetadata Create (0.3ms)[0m  [1m[32mINSERT INTO "ar_internal_metadata" ("key", "value", "created_at", "updated_at") VALUES ($1, $2, $3, $4) RETURNING "key"[0m  [["key", "environment"], ["value", "development"], ["created_at", "2021-10-08 21:39:45.295305"], ["updated_at", "2021-10-08 21:39:45.295305"]]
  ↳ db/schema.rb:13
  [1m[35m (0.1ms)[0m  [1m[35mCOMMIT[0m
  ↳ db/schema.rb:13
  [1m[36mActiveRecord::InternalMetadata Load (0.1ms)[0m  [1m[34mSELECT  "ar_internal_metadata".* FROM "ar_internal_metadata" WHERE "ar_internal_metadata"."key" = $1 LIMIT $2[0m  [["key", "environment"], ["LIMIT", 1]]
  ↳ bin/rails:9
  [1m[35m (0.0ms)[0m  [1m[35mBEGIN[0m
  ↳ bin/rails:9
  [1m[36mActiveRecord::InternalMetadata Update (0.1ms)[0m  [1m[33mUPDATE "ar_internal_metadata" SET "value" = $1, "updated_at" = $2 WHERE "ar_internal_metadata"."key" = $3[0m  [["value", "test"], ["updated_at", "2021-10-08 21:39:45.297526"], ["key", "environment"]]
  ↳ bin/rails:9
  [1m[35m (0.3ms)[0m  [1m[35mCOMMIT[0m
  ↳ bin/rails:9
  [1m[35m (0.5ms)[0m  [1m[34mSELECT "schema_migrations"."version" FROM "schema_migrations" ORDER BY "schema_migrations"."version" ASC[0m
  ↳ bin/rails:9
  [1m[35m (1.2ms)[0m  [1m[34mSELECT "schema_migrations"."version" FROM "schema_migrations" ORDER BY "schema_migrations"."version" ASC[0m
  ↳ bin/rails:9
  [1m[35m (0.3ms)[0m  [1m[35mBEGIN[0m
  [1m[36mCat Create (1.8ms)[0m  [1m[32mINSERT INTO "cats" ("birth_date", "name", "sex", "color", "created_at", "updated_at") VALUES ($1, $2, $3, $4, $5, $6) RETURNING "id"[0m  [["birth_date", "2021-04-22"], ["name", "kitty"], ["sex", "M"], ["color", "Black"], ["created_at", "2021-10-08 21:40:59.765856"], ["updated_at", "2021-10-08 21:40:59.765856"]]
  [1m[35m (1.3ms)[0m  [1m[35mCOMMIT[0m
  [1m[35m (2.0ms)[0m  [1m[34mSELECT "schema_migrations"."version" FROM "schema_migrations" ORDER BY "schema_migrations"."version" ASC[0m
  ↳ bin/rails:9
  [1m[35m (0.1ms)[0m  [1m[35mBEGIN[0m
  ↳ db/seeds.rb:9
  [1m[36mCat Create (0.7ms)[0m  [1m[32mINSERT INTO "cats" ("birth_date", "name", "sex", "color", "created_at", "updated_at") VALUES ($1, $2, $3, $4, $5, $6) RETURNING "id"[0m  [["birth_date", "2015-01-20"], ["name", "John"], ["sex", "M"], ["color", "Purple"], ["created_at", "2021-10-08 22:00:05.566258"], ["updated_at", "2021-10-08 22:00:05.566258"]]
  ↳ db/seeds.rb:9
  [1m[35m (0.7ms)[0m  [1m[35mCOMMIT[0m
  ↳ db/seeds.rb:9
  [1m[35m (0.0ms)[0m  [1m[35mBEGIN[0m
  ↳ db/seeds.rb:11
  [1m[36mCat Create (0.2ms)[0m  [1m[32mINSERT INTO "cats" ("birth_date", "name", "sex", "color", "created_at", "updated_at") VALUES ($1, $2, $3, $4, $5, $6) RETURNING "id"[0m  [["birth_date", "2015-03-20"], ["name", "Milo"], ["sex", "M"], ["color", "Brown"], ["created_at", "2021-10-08 22:00:05.568985"], ["updated_at", "2021-10-08 22:00:05.568985"]]
  ↳ db/seeds.rb:11
  [1m[35m (0.1ms)[0m  [1m[35mCOMMIT[0m
  ↳ db/seeds.rb:11
  [1m[35m (0.0ms)[0m  [1m[35mBEGIN[0m
  ↳ db/seeds.rb:13
  [1m[36mCat Create (0.1ms)[0m  [1m[32mINSERT INTO "cats" ("birth_date", "name", "sex", "color", "created_at", "updated_at") VALUES ($1, $2, $3, $4, $5, $6) RETURNING "id"[0m  [["birth_date", "2015-05-20"], ["name", "Lila"], ["sex", "F"], ["color", "Black"], ["created_at", "2021-10-08 22:00:05.569849"], ["updated_at", "2021-10-08 22:00:05.569849"]]
  ↳ db/seeds.rb:13
  [1m[35m (0.1ms)[0m  [1m[35mCOMMIT[0m
  ↳ db/seeds.rb:13
  [1m[35m (0.1ms)[0m  [1m[35mBEGIN[0m
  ↳ db/seeds.rb:15
  [1m[36mCat Create (0.5ms)[0m  [1m[32mINSERT INTO "cats" ("birth_date", "name", "sex", "color", "created_at", "updated_at") VALUES ($1, $2, $3, $4, $5, $6) RETURNING "id"[0m  [["birth_date", "2015-01-24"], ["name", "Spot"], ["sex", "M"], ["color", "Black"], ["created_at", "2021-10-08 22:00:05.570698"], ["updated_at", "2021-10-08 22:00:05.570698"]]
  ↳ db/seeds.rb:15
  [1m[35m (0.3ms)[0m  [1m[35mCOMMIT[0m
  ↳ db/seeds.rb:15
  [1m[35m (0.1ms)[0m  [1m[35mBEGIN[0m
  ↳ db/seeds.rb:17
  [1m[36mCat Create (0.5ms)[0m  [1m[32mINSERT INTO "cats" ("birth_date", "name", "sex", "color", "created_at", "updated_at") VALUES ($1, $2, $3, $4, $5, $6) RETURNING "id"[0m  [["birth_date", "2016-01-20"], ["name", "Wally"], ["sex", "M"], ["color", "Brown"], ["created_at", "2021-10-08 22:00:05.572179"], ["updated_at", "2021-10-08 22:00:05.572179"]]
  ↳ db/seeds.rb:17
  [1m[35m (0.4ms)[0m  [1m[35mCOMMIT[0m
  ↳ db/seeds.rb:17
Started GET "/cats" for ::1 at 2021-10-08 15:02:16 -0700
  [1m[35m (2.5ms)[0m  [1m[34mSELECT "schema_migrations"."version" FROM "schema_migrations" ORDER BY "schema_migrations"."version" ASC[0m
  ↳ /Users/daroth/.rbenv/versions/2.5.1/lib/ruby/gems/2.5.0/gems/activerecord-5.2.6/lib/active_record/log_subscriber.rb:98
Processing by CatsController#index as HTML
  Rendering cats/index.html.erb within layouts/application
  [1m[36mCat Load (1.1ms)[0m  [1m[34mSELECT "cats".* FROM "cats"[0m
  ↳ app/views/cats/index.html.erb:2
  Rendered cats/index.html.erb within layouts/application (29.6ms)
Completed 200 OK in 606ms (Views: 583.4ms | ActiveRecord: 15.3ms)


Started GET "/cats" for ::1 at 2021-10-08 15:02:44 -0700
Processing by CatsController#index as HTML
  Rendering cats/index.html.erb within layouts/application
  [1m[36mCat Load (1.6ms)[0m  [1m[34mSELECT "cats".* FROM "cats"[0m
  ↳ app/views/cats/index.html.erb:2
  Rendered cats/index.html.erb within layouts/application (2.7ms)
Completed 200 OK in 32ms (Views: 28.9ms | ActiveRecord: 1.6ms)


Started GET "/cats/1" for ::1 at 2021-10-08 15:02:56 -0700
Processing by CatsController#show as HTML
  Parameters: {"id"=>"1"}
  [1m[36mCat Load (1.1ms)[0m  [1m[34mSELECT  "cats".* FROM "cats" WHERE "cats"."id" = $1 LIMIT $2[0m  [["id", 1], ["LIMIT", 1]]
  ↳ app/controllers/cats_controller.rb:8
  Rendering cats/show.html.erb within layouts/application
  Rendered cats/show.html.erb within layouts/application (0.3ms)
Completed 200 OK in 49ms (Views: 27.1ms | ActiveRecord: 1.5ms)


Started GET "/cats/1" for ::1 at 2021-10-08 15:04:31 -0700
Processing by CatsController#show as HTML
  Parameters: {"id"=>"1"}
  [1m[36mCat Load (0.6ms)[0m  [1m[34mSELECT  "cats".* FROM "cats" WHERE "cats"."id" = $1 LIMIT $2[0m  [["id", 1], ["LIMIT", 1]]
  ↳ app/controllers/cats_controller.rb:8
  Rendering cats/show.html.erb within layouts/application
  Rendered cats/show.html.erb within layouts/application (0.4ms)
Completed 200 OK in 40ms (Views: 37.7ms | ActiveRecord: 0.6ms)


Started GET "/cats/4" for ::1 at 2021-10-08 15:04:36 -0700
Processing by CatsController#show as HTML
  Parameters: {"id"=>"4"}
  [1m[36mCat Load (0.7ms)[0m  [1m[34mSELECT  "cats".* FROM "cats" WHERE "cats"."id" = $1 LIMIT $2[0m  [["id", 4], ["LIMIT", 1]]
  ↳ app/controllers/cats_controller.rb:8
  Rendering cats/show.html.erb within layouts/application
  Rendered cats/show.html.erb within layouts/application (0.4ms)
Completed 200 OK in 33ms (Views: 31.1ms | ActiveRecord: 0.7ms)


Started GET "/cats/4" for ::1 at 2021-10-08 15:06:07 -0700
Processing by CatsController#show as HTML
  Parameters: {"id"=>"4"}
  [1m[36mCat Load (1.2ms)[0m  [1m[34mSELECT  "cats".* FROM "cats" WHERE "cats"."id" = $1 LIMIT $2[0m  [["id", 4], ["LIMIT", 1]]
  ↳ app/controllers/cats_controller.rb:8
  Rendering cats/show.html.erb within layouts/application
  Rendered cats/show.html.erb within layouts/application (0.8ms)
Completed 200 OK in 38ms (Views: 34.5ms | ActiveRecord: 1.2ms)


Started GET "/cats/4" for ::1 at 2021-10-08 15:06:08 -0700
Processing by CatsController#show as HTML
  Parameters: {"id"=>"4"}
  [1m[36mCat Load (0.8ms)[0m  [1m[34mSELECT  "cats".* FROM "cats" WHERE "cats"."id" = $1 LIMIT $2[0m  [["id", 4], ["LIMIT", 1]]
  ↳ app/controllers/cats_controller.rb:8
  Rendering cats/show.html.erb within layouts/application
  Rendered cats/show.html.erb within layouts/application (0.4ms)
Completed 200 OK in 33ms (Views: 30.6ms | ActiveRecord: 0.8ms)


Started GET "/cats/1" for ::1 at 2021-10-08 15:06:11 -0700
Processing by CatsController#show as HTML
  Parameters: {"id"=>"1"}
  [1m[36mCat Load (0.7ms)[0m  [1m[34mSELECT  "cats".* FROM "cats" WHERE "cats"."id" = $1 LIMIT $2[0m  [["id", 1], ["LIMIT", 1]]
  ↳ app/controllers/cats_controller.rb:8
  Rendering cats/show.html.erb within layouts/application
  Rendered cats/show.html.erb within layouts/application (0.3ms)
Completed 200 OK in 30ms (Views: 27.7ms | ActiveRecord: 0.7ms)


Started GET "/cats/1" for ::1 at 2021-10-08 15:08:23 -0700
Processing by CatsController#show as HTML
  Parameters: {"id"=>"1"}
  [1m[36mCat Load (0.4ms)[0m  [1m[34mSELECT  "cats".* FROM "cats" WHERE "cats"."id" = $1 LIMIT $2[0m  [["id", 1], ["LIMIT", 1]]
  ↳ app/controllers/cats_controller.rb:8
  Rendering cats/show.html.erb within layouts/application
  Rendered cats/show.html.erb within layouts/application (0.5ms)
Completed 200 OK in 35ms (Views: 32.6ms | ActiveRecord: 0.4ms)


Started GET "/cats/1" for ::1 at 2021-10-08 15:08:24 -0700
Processing by CatsController#show as HTML
  Parameters: {"id"=>"1"}
  [1m[36mCat Load (0.6ms)[0m  [1m[34mSELECT  "cats".* FROM "cats" WHERE "cats"."id" = $1 LIMIT $2[0m  [["id", 1], ["LIMIT", 1]]
  ↳ app/controllers/cats_controller.rb:8
  Rendering cats/show.html.erb within layouts/application
  Rendered cats/show.html.erb within layouts/application (0.3ms)
Completed 200 OK in 33ms (Views: 30.9ms | ActiveRecord: 0.6ms)


Started GET "/cats/1" for ::1 at 2021-10-08 15:08:25 -0700
Processing by CatsController#show as HTML
  Parameters: {"id"=>"1"}
  [1m[36mCat Load (0.3ms)[0m  [1m[34mSELECT  "cats".* FROM "cats" WHERE "cats"."id" = $1 LIMIT $2[0m  [["id", 1], ["LIMIT", 1]]
  ↳ app/controllers/cats_controller.rb:8
  Rendering cats/show.html.erb within layouts/application
  Rendered cats/show.html.erb within layouts/application (0.5ms)
Completed 200 OK in 35ms (Views: 33.7ms | ActiveRecord: 0.3ms)


Started GET "/cats/4" for ::1 at 2021-10-08 15:08:28 -0700
Processing by CatsController#show as HTML
  Parameters: {"id"=>"4"}
  [1m[36mCat Load (0.3ms)[0m  [1m[34mSELECT  "cats".* FROM "cats" WHERE "cats"."id" = $1 LIMIT $2[0m  [["id", 4], ["LIMIT", 1]]
  ↳ app/controllers/cats_controller.rb:8
  Rendering cats/show.html.erb within layouts/application
  Rendered cats/show.html.erb within layouts/application (0.4ms)
Completed 200 OK in 36ms (Views: 34.7ms | ActiveRecord: 0.3ms)


Started GET "/cats/4" for ::1 at 2021-10-08 15:09:16 -0700
Processing by CatsController#show as HTML
  Parameters: {"id"=>"4"}
  [1m[36mCat Load (0.7ms)[0m  [1m[34mSELECT  "cats".* FROM "cats" WHERE "cats"."id" = $1 LIMIT $2[0m  [["id", 4], ["LIMIT", 1]]
  ↳ app/controllers/cats_controller.rb:8
  Rendering cats/show.html.erb within layouts/application
  Rendered cats/show.html.erb within layouts/application (0.4ms)
Completed 200 OK in 44ms (Views: 41.1ms | ActiveRecord: 0.7ms)


Started GET "/cats/4" for ::1 at 2021-10-08 15:09:17 -0700
Processing by CatsController#show as HTML
  Parameters: {"id"=>"4"}
  [1m[36mCat Load (0.4ms)[0m  [1m[34mSELECT  "cats".* FROM "cats" WHERE "cats"."id" = $1 LIMIT $2[0m  [["id", 4], ["LIMIT", 1]]
  ↳ app/controllers/cats_controller.rb:8
  Rendering cats/show.html.erb within layouts/application
  Rendered cats/show.html.erb within layouts/application (0.3ms)
Completed 200 OK in 33ms (Views: 30.7ms | ActiveRecord: 0.4ms)


Started GET "/cats/4" for ::1 at 2021-10-08 15:09:18 -0700
Processing by CatsController#show as HTML
  Parameters: {"id"=>"4"}
  [1m[36mCat Load (0.4ms)[0m  [1m[34mSELECT  "cats".* FROM "cats" WHERE "cats"."id" = $1 LIMIT $2[0m  [["id", 4], ["LIMIT", 1]]
  ↳ app/controllers/cats_controller.rb:8
  Rendering cats/show.html.erb within layouts/application
  Rendered cats/show.html.erb within layouts/application (0.4ms)
Completed 200 OK in 55ms (Views: 53.2ms | ActiveRecord: 0.4ms)


Started GET "/cats/4" for ::1 at 2021-10-08 15:09:19 -0700
Processing by CatsController#show as HTML
  Parameters: {"id"=>"4"}
  [1m[36mCat Load (0.4ms)[0m  [1m[34mSELECT  "cats".* FROM "cats" WHERE "cats"."id" = $1 LIMIT $2[0m  [["id", 4], ["LIMIT", 1]]
  ↳ app/controllers/cats_controller.rb:8
  Rendering cats/show.html.erb within layouts/application
  Rendered cats/show.html.erb within layouts/application (0.4ms)
Completed 200 OK in 17ms (Views: 15.9ms | ActiveRecord: 0.4ms)


Started GET "/cats/4" for ::1 at 2021-10-08 15:09:19 -0700
Processing by CatsController#show as HTML
  Parameters: {"id"=>"4"}
  [1m[36mCat Load (0.5ms)[0m  [1m[34mSELECT  "cats".* FROM "cats" WHERE "cats"."id" = $1 LIMIT $2[0m  [["id", 4], ["LIMIT", 1]]
  ↳ app/controllers/cats_controller.rb:8
  Rendering cats/show.html.erb within layouts/application
  Rendered cats/show.html.erb within layouts/application (0.5ms)
Completed 200 OK in 39ms (Views: 37.0ms | ActiveRecord: 0.5ms)


Started GET "/cats/1" for ::1 at 2021-10-08 15:09:22 -0700
Processing by CatsController#show as HTML
  Parameters: {"id"=>"1"}
  [1m[36mCat Load (0.4ms)[0m  [1m[34mSELECT  "cats".* FROM "cats" WHERE "cats"."id" = $1 LIMIT $2[0m  [["id", 1], ["LIMIT", 1]]
  ↳ app/controllers/cats_controller.rb:8
  Rendering cats/show.html.erb within layouts/application
  Rendered cats/show.html.erb within layouts/application (0.4ms)
Completed 200 OK in 39ms (Views: 36.9ms | ActiveRecord: 0.4ms)


Started GET "/cats" for ::1 at 2021-10-08 15:12:26 -0700
  [1m[35m (1.5ms)[0m  [1m[34mSELECT "schema_migrations"."version" FROM "schema_migrations" ORDER BY "schema_migrations"."version" ASC[0m
  ↳ /Users/williamwinzeler/.rbenv/versions/2.5.1/lib/ruby/gems/2.5.0/gems/activerecord-5.2.6/lib/active_record/log_subscriber.rb:98
Processing by CatsController#index as HTML
  Rendering cats/index.html.erb within layouts/application
  [1m[36mCat Load (0.8ms)[0m  [1m[34mSELECT "cats".* FROM "cats"[0m
  ↳ app/views/cats/index.html.erb:2
  Rendered cats/index.html.erb within layouts/application (20.6ms)
Completed 200 OK in 220ms (Views: 203.0ms | ActiveRecord: 11.9ms)


  [1m[35m (1.2ms)[0m  [1m[34mSELECT "schema_migrations"."version" FROM "schema_migrations" ORDER BY "schema_migrations"."version" ASC[0m
  ↳ bin/rails:9
  [1m[35m (0.1ms)[0m  [1m[35mBEGIN[0m
  ↳ db/seeds.rb:9
  [1m[36mCat Create (0.8ms)[0m  [1m[32mINSERT INTO "cats" ("birth_date", "name", "sex", "color", "created_at", "updated_at") VALUES ($1, $2, $3, $4, $5, $6) RETURNING "id"[0m  [["birth_date", "2015-01-20"], ["name", "John"], ["sex", "M"], ["color", "Purple"], ["created_at", "2021-10-08 22:12:42.972709"], ["updated_at", "2021-10-08 22:12:42.972709"]]
  ↳ db/seeds.rb:9
  [1m[35m (1.1ms)[0m  [1m[35mCOMMIT[0m
  ↳ db/seeds.rb:9
  [1m[35m (0.1ms)[0m  [1m[35mBEGIN[0m
  ↳ db/seeds.rb:11
  [1m[36mCat Create (0.3ms)[0m  [1m[32mINSERT INTO "cats" ("birth_date", "name", "sex", "color", "created_at", "updated_at") VALUES ($1, $2, $3, $4, $5, $6) RETURNING "id"[0m  [["birth_date", "2015-03-20"], ["name", "Milo"], ["sex", "M"], ["color", "Brown"], ["created_at", "2021-10-08 22:12:42.976105"], ["updated_at", "2021-10-08 22:12:42.976105"]]
  ↳ db/seeds.rb:11
  [1m[35m (0.2ms)[0m  [1m[35mCOMMIT[0m
  ↳ db/seeds.rb:11
  [1m[35m (0.0ms)[0m  [1m[35mBEGIN[0m
  ↳ db/seeds.rb:13
  [1m[36mCat Create (0.2ms)[0m  [1m[32mINSERT INTO "cats" ("birth_date", "name", "sex", "color", "created_at", "updated_at") VALUES ($1, $2, $3, $4, $5, $6) RETURNING "id"[0m  [["birth_date", "2015-05-20"], ["name", "Lila"], ["sex", "F"], ["color", "Black"], ["created_at", "2021-10-08 22:12:42.977263"], ["updated_at", "2021-10-08 22:12:42.977263"]]
  ↳ db/seeds.rb:13
  [1m[35m (0.1ms)[0m  [1m[35mCOMMIT[0m
  ↳ db/seeds.rb:13
  [1m[35m (0.1ms)[0m  [1m[35mBEGIN[0m
  ↳ db/seeds.rb:15
  [1m[36mCat Create (0.2ms)[0m  [1m[32mINSERT INTO "cats" ("birth_date", "name", "sex", "color", "created_at", "updated_at") VALUES ($1, $2, $3, $4, $5, $6) RETURNING "id"[0m  [["birth_date", "2015-01-24"], ["name", "Spot"], ["sex", "M"], ["color", "Black"], ["created_at", "2021-10-08 22:12:42.978318"], ["updated_at", "2021-10-08 22:12:42.978318"]]
  ↳ db/seeds.rb:15
  [1m[35m (0.1ms)[0m  [1m[35mCOMMIT[0m
  ↳ db/seeds.rb:15
  [1m[35m (0.0ms)[0m  [1m[35mBEGIN[0m
  ↳ db/seeds.rb:17
  [1m[36mCat Create (0.3ms)[0m  [1m[32mINSERT INTO "cats" ("birth_date", "name", "sex", "color", "created_at", "updated_at") VALUES ($1, $2, $3, $4, $5, $6) RETURNING "id"[0m  [["birth_date", "2016-01-20"], ["name", "Wally"], ["sex", "M"], ["color", "Brown"], ["created_at", "2021-10-08 22:12:42.979333"], ["updated_at", "2021-10-08 22:12:42.979333"]]
  ↳ db/seeds.rb:17
  [1m[35m (0.1ms)[0m  [1m[35mCOMMIT[0m
  ↳ db/seeds.rb:17
Started GET "/cats" for ::1 at 2021-10-08 15:12:44 -0700
Processing by CatsController#index as HTML
  Rendering cats/index.html.erb within layouts/application
  [1m[36mCat Load (1.5ms)[0m  [1m[34mSELECT "cats".* FROM "cats"[0m
  ↳ app/views/cats/index.html.erb:2
  Rendered cats/index.html.erb within layouts/application (5.3ms)
Completed 200 OK in 32ms (Views: 30.0ms | ActiveRecord: 1.5ms)


Started GET "/cats/1" for ::1 at 2021-10-08 15:12:49 -0700
Processing by CatsController#show as HTML
  Parameters: {"id"=>"1"}
  [1m[36mCat Load (0.4ms)[0m  [1m[34mSELECT  "cats".* FROM "cats" WHERE "cats"."id" = $1 LIMIT $2[0m  [["id", 1], ["LIMIT", 1]]
  ↳ app/controllers/cats_controller.rb:8
  Rendering cats/show.html.erb within layouts/application
  Rendered cats/show.html.erb within layouts/application (0.4ms)
Completed 200 OK in 39ms (Views: 19.9ms | ActiveRecord: 0.8ms)


Started GET "/cats/1" for ::1 at 2021-10-08 15:13:39 -0700
Processing by CatsController#show as HTML
  Parameters: {"id"=>"1"}
  [1m[36mCat Load (0.5ms)[0m  [1m[34mSELECT  "cats".* FROM "cats" WHERE "cats"."id" = $1 LIMIT $2[0m  [["id", 1], ["LIMIT", 1]]
  ↳ app/controllers/cats_controller.rb:8
  Rendering cats/show.html.erb within layouts/application
  Rendered cats/show.html.erb within layouts/application (1.3ms)
Completed 200 OK in 31ms (Views: 28.9ms | ActiveRecord: 0.5ms)


Started GET "/cats/1" for ::1 at 2021-10-08 15:14:10 -0700
Processing by CatsController#show as HTML
  Parameters: {"id"=>"1"}
  [1m[36mCat Load (0.4ms)[0m  [1m[34mSELECT  "cats".* FROM "cats" WHERE "cats"."id" = $1 LIMIT $2[0m  [["id", 1], ["LIMIT", 1]]
  ↳ app/controllers/cats_controller.rb:8
  Rendering cats/show.html.erb within layouts/application
  Rendered cats/show.html.erb within layouts/application (0.3ms)
Completed 200 OK in 13ms (Views: 12.1ms | ActiveRecord: 0.4ms)


Started GET "/cats/1" for ::1 at 2021-10-08 15:15:09 -0700
Processing by CatsController#show as HTML
  Parameters: {"id"=>"1"}
  [1m[36mCat Load (0.6ms)[0m  [1m[34mSELECT  "cats".* FROM "cats" WHERE "cats"."id" = $1 LIMIT $2[0m  [["id", 1], ["LIMIT", 1]]
  ↳ app/controllers/cats_controller.rb:8
  Rendering cats/show.html.erb within layouts/application
  Rendered cats/show.html.erb within layouts/application (0.7ms)
Completed 200 OK in 46ms (Views: 44.3ms | ActiveRecord: 0.6ms)


Started GET "/cats/1" for ::1 at 2021-10-08 15:15:28 -0700
Processing by CatsController#show as HTML
  Parameters: {"id"=>"1"}
  [1m[36mCat Load (0.5ms)[0m  [1m[34mSELECT  "cats".* FROM "cats" WHERE "cats"."id" = $1 LIMIT $2[0m  [["id", 1], ["LIMIT", 1]]
  ↳ app/controllers/cats_controller.rb:8
  Rendering cats/show.html.erb within layouts/application
  Rendered cats/show.html.erb within layouts/application (1.2ms)
Completed 200 OK in 40ms (Views: 38.0ms | ActiveRecord: 0.5ms)


Started GET "/cats/1" for ::1 at 2021-10-08 15:15:49 -0700
Processing by CatsController#show as HTML
  Parameters: {"id"=>"1"}
  [1m[36mCat Load (0.4ms)[0m  [1m[34mSELECT  "cats".* FROM "cats" WHERE "cats"."id" = $1 LIMIT $2[0m  [["id", 1], ["LIMIT", 1]]
  ↳ app/controllers/cats_controller.rb:8
  Rendering cats/show.html.erb within layouts/application
  Rendered cats/show.html.erb within layouts/application (0.8ms)
Completed 200 OK in 77ms (Views: 75.3ms | ActiveRecord: 0.4ms)


Started GET "/cats/1" for ::1 at 2021-10-08 15:15:50 -0700
Processing by CatsController#show as HTML
  Parameters: {"id"=>"1"}
  [1m[36mCat Load (0.2ms)[0m  [1m[34mSELECT  "cats".* FROM "cats" WHERE "cats"."id" = $1 LIMIT $2[0m  [["id", 1], ["LIMIT", 1]]
  ↳ app/controllers/cats_controller.rb:8
  Rendering cats/show.html.erb within layouts/application
  Rendered cats/show.html.erb within layouts/application (0.6ms)
Completed 200 OK in 24ms (Views: 22.8ms | ActiveRecord: 0.2ms)


Started GET "/cats/1" for ::1 at 2021-10-08 15:16:03 -0700
Processing by CatsController#show as HTML
  Parameters: {"id"=>"1"}
  [1m[36mCat Load (0.3ms)[0m  [1m[34mSELECT  "cats".* FROM "cats" WHERE "cats"."id" = $1 LIMIT $2[0m  [["id", 1], ["LIMIT", 1]]
  ↳ app/controllers/cats_controller.rb:8
  Rendering cats/show.html.erb within layouts/application
  Rendered cats/show.html.erb within layouts/application (0.9ms)
Completed 200 OK in 36ms (Views: 34.1ms | ActiveRecord: 0.3ms)


Started GET "/cats/1" for ::1 at 2021-10-08 15:16:04 -0700
Processing by CatsController#show as HTML
  Parameters: {"id"=>"1"}
  [1m[36mCat Load (0.4ms)[0m  [1m[34mSELECT  "cats".* FROM "cats" WHERE "cats"."id" = $1 LIMIT $2[0m  [["id", 1], ["LIMIT", 1]]
  ↳ app/controllers/cats_controller.rb:8
  Rendering cats/show.html.erb within layouts/application
  Rendered cats/show.html.erb within layouts/application (0.4ms)
Completed 200 OK in 14ms (Views: 12.6ms | ActiveRecord: 0.4ms)


Started GET "/cats/1" for ::1 at 2021-10-08 15:17:46 -0700
Processing by CatsController#show as HTML
  Parameters: {"id"=>"1"}
  [1m[36mCat Load (0.6ms)[0m  [1m[34mSELECT  "cats".* FROM "cats" WHERE "cats"."id" = $1 LIMIT $2[0m  [["id", 1], ["LIMIT", 1]]
  ↳ app/controllers/cats_controller.rb:8
  Rendering cats/show.html.erb within layouts/application
  Rendered cats/show.html.erb within layouts/application (0.8ms)
Completed 200 OK in 31ms (Views: 28.9ms | ActiveRecord: 0.6ms)


Started GET "/cats/1" for ::1 at 2021-10-08 15:22:05 -0700
Processing by CatsController#show as HTML
  Parameters: {"id"=>"1"}
  [1m[36mCat Load (0.4ms)[0m  [1m[34mSELECT  "cats".* FROM "cats" WHERE "cats"."id" = $1 LIMIT $2[0m  [["id", 1], ["LIMIT", 1]]
  ↳ app/controllers/cats_controller.rb:8
  Rendering cats/show.html.erb within layouts/application
  Rendered cats/show.html.erb within layouts/application (0.9ms)
Completed 200 OK in 27ms (Views: 24.9ms | ActiveRecord: 0.4ms)


Started GET "/cats/1" for ::1 at 2021-10-08 15:23:34 -0700
Processing by CatsController#show as HTML
  Parameters: {"id"=>"1"}
  [1m[36mCat Load (0.6ms)[0m  [1m[34mSELECT  "cats".* FROM "cats" WHERE "cats"."id" = $1 LIMIT $2[0m  [["id", 1], ["LIMIT", 1]]
  ↳ app/controllers/cats_controller.rb:8
  Rendering cats/show.html.erb within layouts/application
  Rendered cats/show.html.erb within layouts/application (0.8ms)
Completed 500 Internal Server Error in 38ms (ActiveRecord: 0.6ms)



Sass::SyntaxError - Invalid CSS after "...rder: 1px solid": expected ";", was ": black;  ":
  app/views/layouts/application.html.erb:8:in `_app_views_layouts_application_html_erb__3152556254119244653_70125002071240'
  app/controllers/cats_controller.rb:9:in `show'

Started POST "/__better_errors/6dc1df9fc81f28fb/variables" for ::1 at 2021-10-08 15:23:34 -0700
Started GET "/cats/1" for ::1 at 2021-10-08 15:23:43 -0700
Processing by CatsController#show as HTML
  Parameters: {"id"=>"1"}
  [1m[36mCat Load (0.4ms)[0m  [1m[34mSELECT  "cats".* FROM "cats" WHERE "cats"."id" = $1 LIMIT $2[0m  [["id", 1], ["LIMIT", 1]]
  ↳ app/controllers/cats_controller.rb:8
  Rendering cats/show.html.erb within layouts/application
  Rendered cats/show.html.erb within layouts/application (0.9ms)
Completed 200 OK in 50ms (Views: 47.2ms | ActiveRecord: 0.4ms)


Started GET "/cats/1" for ::1 at 2021-10-08 15:25:15 -0700
Processing by CatsController#show as HTML
  Parameters: {"id"=>"1"}
  [1m[36mCat Load (0.3ms)[0m  [1m[34mSELECT  "cats".* FROM "cats" WHERE "cats"."id" = $1 LIMIT $2[0m  [["id", 1], ["LIMIT", 1]]
  ↳ app/controllers/cats_controller.rb:8
  Rendering cats/show.html.erb within layouts/application
  Rendered cats/show.html.erb within layouts/application (0.8ms)
Completed 200 OK in 50ms (Views: 48.4ms | ActiveRecord: 0.3ms)


Started GET "/cats/1" for ::1 at 2021-10-08 15:26:43 -0700
Processing by CatsController#show as HTML
  Parameters: {"id"=>"1"}
  [1m[36mCat Load (0.4ms)[0m  [1m[34mSELECT  "cats".* FROM "cats" WHERE "cats"."id" = $1 LIMIT $2[0m  [["id", 1], ["LIMIT", 1]]
  ↳ app/controllers/cats_controller.rb:8
  Rendering cats/show.html.erb within layouts/application
  Rendered cats/show.html.erb within layouts/application (0.7ms)
Completed 200 OK in 43ms (Views: 40.5ms | ActiveRecord: 0.4ms)


Started GET "/cats/new" for ::1 at 2021-10-08 15:59:18 -0700
  [1m[35m (1.8ms)[0m  [1m[34mSELECT "schema_migrations"."version" FROM "schema_migrations" ORDER BY "schema_migrations"."version" ASC[0m
  ↳ /Users/daroth/.rbenv/versions/2.5.1/lib/ruby/gems/2.5.0/gems/activerecord-5.2.6/lib/active_record/log_subscriber.rb:98

SyntaxError - syntax error, unexpected tIDENTIFIER, expecting keyword_end
      render :json cat.errors.full_messages, status...
                   ^~~
/Users/daroth/Code/aa-course_work/aa-pairs/owen/Aa_classwork/w6/d5/Cats99/app/controllers/cats_controller.rb:22: syntax error, unexpected tLABEL, expecting '='
...t.errors.full_messages, status: 422
...                        ^~~~~~~:
  app/controllers/cats_controller.rb:22:in `'

Started POST "/__better_errors/d5c660eb4d50777e/variables" for ::1 at 2021-10-08 15:59:18 -0700
Started GET "/cats/new" for ::1 at 2021-10-08 16:03:06 -0700

SyntaxError - syntax error, unexpected tIDENTIFIER, expecting keyword_end
      render :json cat.errors.full_messages, status...
                   ^~~
/Users/daroth/Code/aa-course_work/aa-pairs/owen/Aa_classwork/w6/d5/Cats99/app/controllers/cats_controller.rb:22: syntax error, unexpected tLABEL, expecting '='
...t.errors.full_messages, status: 422
...                        ^~~~~~~:
  app/controllers/cats_controller.rb:22:in `'

Started POST "/__better_errors/ff598bd5253966fa/variables" for ::1 at 2021-10-08 16:03:06 -0700
Started GET "/cats/new" for ::1 at 2021-10-08 16:03:08 -0700

SyntaxError - syntax error, unexpected tIDENTIFIER, expecting keyword_end
      render :json cat.errors.full_messages, status...
                   ^~~
/Users/daroth/Code/aa-course_work/aa-pairs/owen/Aa_classwork/w6/d5/Cats99/app/controllers/cats_controller.rb:22: syntax error, unexpected tLABEL, expecting '='
...t.errors.full_messages, status: 422
...                        ^~~~~~~:
  app/controllers/cats_controller.rb:22:in `'

Started POST "/__better_errors/4a1183446205b358/variables" for ::1 at 2021-10-08 16:03:08 -0700
Started GET "/cats/new" for ::1 at 2021-10-08 16:04:17 -0700

SyntaxError - syntax error, unexpected tIDENTIFIER, expecting keyword_end
      render :json cat.errors.full_messages, status...
                   ^~~
/Users/daroth/Code/aa-course_work/aa-pairs/owen/Aa_classwork/w6/d5/Cats99/app/controllers/cats_controller.rb:22: syntax error, unexpected tLABEL, expecting '='
...t.errors.full_messages, status: 422
...                        ^~~~~~~:
  app/controllers/cats_controller.rb:22:in `'

Started POST "/__better_errors/51c378f846912fa1/variables" for ::1 at 2021-10-08 16:04:17 -0700
Started GET "/cats/1" for ::1 at 2021-10-08 16:04:22 -0700

SyntaxError - syntax error, unexpected tIDENTIFIER, expecting keyword_end
      render :json cat.errors.full_messages, status...
                   ^~~
/Users/daroth/Code/aa-course_work/aa-pairs/owen/Aa_classwork/w6/d5/Cats99/app/controllers/cats_controller.rb:22: syntax error, unexpected tLABEL, expecting '='
...t.errors.full_messages, status: 422
...                        ^~~~~~~:
  app/controllers/cats_controller.rb:22:in `'

Started POST "/__better_errors/4de41a18a396a4fd/variables" for ::1 at 2021-10-08 16:04:22 -0700
Started GET "/cats" for ::1 at 2021-10-08 16:04:26 -0700

SyntaxError - syntax error, unexpected tIDENTIFIER, expecting keyword_end
      render :json cat.errors.full_messages, status...
                   ^~~
/Users/daroth/Code/aa-course_work/aa-pairs/owen/Aa_classwork/w6/d5/Cats99/app/controllers/cats_controller.rb:22: syntax error, unexpected tLABEL, expecting '='
...t.errors.full_messages, status: 422
...                        ^~~~~~~:
  app/controllers/cats_controller.rb:22:in `'

Started POST "/__better_errors/d55b2943c9cb57f3/variables" for ::1 at 2021-10-08 16:04:26 -0700
Started GET "/cats" for ::1 at 2021-10-08 16:04:48 -0700
Processing by CatsController#index as HTML
  Rendering cats/index.html.erb within layouts/application
  [1m[36mCat Load (3.8ms)[0m  [1m[34mSELECT "cats".* FROM "cats"[0m
  ↳ app/views/cats/index.html.erb:2
  Rendered cats/index.html.erb within layouts/application (27.5ms)
Completed 200 OK in 203ms (Views: 175.7ms | ActiveRecord: 20.9ms)


Started GET "/cats/new" for ::1 at 2021-10-08 16:04:53 -0700
Processing by CatsController#new as HTML
  Rendering cats/new.html.erb within layouts/application
  Rendered cats/new.html.erb within layouts/application (0.3ms)
Completed 200 OK in 38ms (Views: 37.3ms | ActiveRecord: 0.0ms)


  [1m[36mCat Load (0.6ms)[0m  [1m[34mSELECT  "cats".* FROM "cats" ORDER BY "cats"."id" ASC LIMIT $1[0m  [["LIMIT", 1]]
  [1m[36mCat Load (1.0ms)[0m  [1m[34mSELECT  "cats".* FROM "cats" ORDER BY "cats"."id" ASC LIMIT $1[0m  [["LIMIT", 1]]
  [1m[36mCat Load (0.5ms)[0m  [1m[34mSELECT  "cats".* FROM "cats" ORDER BY "cats"."id" ASC LIMIT $1[0m  [["LIMIT", 1]]
  [1m[36mCat Load (0.4ms)[0m  [1m[34mSELECT  "cats".* FROM "cats" ORDER BY "cats"."id" ASC LIMIT $1 OFFSET $2[0m  [["LIMIT", 1], ["OFFSET", 1]]
  [1m[36mCat Load (0.5ms)[0m  [1m[34mSELECT  "cats".* FROM "cats" ORDER BY "cats"."id" DESC LIMIT $1[0m  [["LIMIT", 1]]
  [1m[36mCat Load (0.5ms)[0m  [1m[34mSELECT  "cats".* FROM "cats" ORDER BY "cats"."id" ASC LIMIT $1 OFFSET $2[0m  [["LIMIT", 1], ["OFFSET", 1]]
  [1m[36mCat Load (0.4ms)[0m  [1m[34mSELECT  "cats".* FROM "cats" ORDER BY "cats"."id" ASC LIMIT $1 OFFSET $2[0m  [["LIMIT", 1], ["OFFSET", 1]]
  [1m[36mCat Load (0.4ms)[0m  [1m[34mSELECT  "cats".* FROM "cats" ORDER BY "cats"."id" ASC LIMIT $1 OFFSET $2[0m  [["LIMIT", 1], ["OFFSET", 1]]
  [1m[36mCat Load (0.4ms)[0m  [1m[34mSELECT  "cats".* FROM "cats" ORDER BY "cats"."id" ASC LIMIT $1 OFFSET $2[0m  [["LIMIT", 1], ["OFFSET", 1]]
  [1m[36mCat Load (0.5ms)[0m  [1m[34mSELECT  "cats".* FROM "cats" ORDER BY "cats"."id" DESC LIMIT $1[0m  [["LIMIT", 1]]
  [1m[36mCat Load (0.3ms)[0m  [1m[34mSELECT  "cats".* FROM "cats" ORDER BY "cats"."id" DESC LIMIT $1[0m  [["LIMIT", 1]]
  [1m[36mCat Load (0.5ms)[0m  [1m[34mSELECT  "cats".* FROM "cats" ORDER BY "cats"."id" DESC LIMIT $1[0m  [["LIMIT", 1]]
  [1m[36mCat Load (0.3ms)[0m  [1m[34mSELECT  "cats".* FROM "cats" ORDER BY "cats"."id" DESC LIMIT $1[0m  [["LIMIT", 1]]
  [1m[36mCat Load (0.7ms)[0m  [1m[34mSELECT  "cats".* FROM "cats" ORDER BY "cats"."id" DESC LIMIT $1[0m  [["LIMIT", 1]]
  [1m[36mCat Load (0.3ms)[0m  [1m[34mSELECT  "cats".* FROM "cats" ORDER BY "cats"."id" DESC LIMIT $1[0m  [["LIMIT", 1]]
  [1m[36mCat Load (0.8ms)[0m  [1m[34mSELECT  "cats".* FROM "cats" ORDER BY "cats"."id" DESC LIMIT $1[0m  [["LIMIT", 1]]
  [1m[36mCat Load (0.4ms)[0m  [1m[34mSELECT  "cats".* FROM "cats" ORDER BY "cats"."id" DESC LIMIT $1[0m  [["LIMIT", 1]]
  [1m[36mCat Load (0.4ms)[0m  [1m[34mSELECT  "cats".* FROM "cats" ORDER BY "cats"."id" ASC LIMIT $1[0m  [["LIMIT", 1]]
  [1m[36mCat Load (0.6ms)[0m  [1m[34mSELECT  "cats".* FROM "cats" ORDER BY "cats"."id" DESC LIMIT $1[0m  [["LIMIT", 1]]
  [1m[36mCat Load (0.4ms)[0m  [1m[34mSELECT  "cats".* FROM "cats" ORDER BY "cats"."id" ASC LIMIT $1[0m  [["LIMIT", 1]]
  [1m[36mCat Load (0.4ms)[0m  [1m[34mSELECT  "cats".* FROM "cats" ORDER BY "cats"."id" ASC LIMIT $1[0m  [["LIMIT", 1]]
  [1m[36mCat Load (0.5ms)[0m  [1m[34mSELECT  "cats".* FROM "cats" ORDER BY "cats"."id" DESC LIMIT $1[0m  [["LIMIT", 1]]
  [1m[36mCat Load (1.0ms)[0m  [1m[34mSELECT  "cats".* FROM "cats" ORDER BY "cats"."id" DESC LIMIT $1[0m  [["LIMIT", 1]]
  [1m[36mCat Load (0.6ms)[0m  [1m[34mSELECT  "cats".* FROM "cats" ORDER BY "cats"."id" ASC LIMIT $1[0m  [["LIMIT", 1]]
  [1m[36mCat Load (0.4ms)[0m  [1m[34mSELECT  "cats".* FROM "cats" ORDER BY "cats"."id" ASC LIMIT $1[0m  [["LIMIT", 1]]
  [1m[36mCat Load (0.6ms)[0m  [1m[34mSELECT  "cats".* FROM "cats" ORDER BY "cats"."id" ASC LIMIT $1[0m  [["LIMIT", 1]]
  [1m[36mCat Load (0.4ms)[0m  [1m[34mSELECT  "cats".* FROM "cats" ORDER BY "cats"."id" ASC LIMIT $1[0m  [["LIMIT", 1]]
  [1m[36mCat Load (0.5ms)[0m  [1m[34mSELECT  "cats".* FROM "cats" ORDER BY "cats"."id" ASC LIMIT $1[0m  [["LIMIT", 1]]
  [1m[36mCat Load (0.3ms)[0m  [1m[34mSELECT  "cats".* FROM "cats" ORDER BY "cats"."id" ASC LIMIT $1[0m  [["LIMIT", 1]]
  [1m[36mCat Load (0.5ms)[0m  [1m[34mSELECT  "cats".* FROM "cats" ORDER BY "cats"."id" DESC LIMIT $1[0m  [["LIMIT", 1]]
  [1m[36mCat Load (0.3ms)[0m  [1m[34mSELECT  "cats".* FROM "cats" ORDER BY "cats"."id" ASC LIMIT $1[0m  [["LIMIT", 1]]
  [1m[36mCat Load (0.6ms)[0m  [1m[34mSELECT  "cats".* FROM "cats" ORDER BY "cats"."id" DESC LIMIT $1[0m  [["LIMIT", 1]]
  [1m[36mCat Load (0.4ms)[0m  [1m[34mSELECT  "cats".* FROM "cats" ORDER BY "cats"."id" DESC LIMIT $1[0m  [["LIMIT", 1]]
  [1m[36mCat Load (0.3ms)[0m  [1m[34mSELECT  "cats".* FROM "cats" ORDER BY "cats"."id" DESC LIMIT $1[0m  [["LIMIT", 1]]
